<?xml version="1.0" encoding="UTF-8"?>
<!-- Generated by org.testng.reporters.JUnitXMLReporter -->
<testsuite hostname="hp" name="Default test" tests="13" failures="0" timestamp="24 Jan 2016 21:13:17 GMT" time="231.863" errors="0">
  <testcase name="VerifyTopNavlnks_Advice" time="16.894" classname="com.thomas.domain.testcases.VerifyTopNavlnks"/>
  <testcase name="VerifyTopNavlnks_Agents" time="19.576" classname="com.thomas.domain.testcases.VerifyTopNavlnks"/>
  <testcase name="VerifyTopNavlnks_Buy" time="18.432" classname="com.thomas.domain.testcases.VerifyTopNavlnks"/>
  <testcase name="VerifyTopNavlnks_Commercial" time="17.41" classname="com.thomas.domain.testcases.VerifyTopNavlnks"/>
  <testcase name="VerifyTopNavlnks_HomeLoans" time="4.407" classname="com.thomas.domain.testcases.VerifyTopNavlnks"/>
  <testcase name="VerifyTopNavlnks_Homepriceguide" time="4.775" classname="com.thomas.domain.testcases.VerifyTopNavlnks"/>
  <testcase name="VerifyTopNavlnks_NewHomes" time="13.694" classname="com.thomas.domain.testcases.VerifyTopNavlnks"/>
  <testcase name="VerifyTopNavlnks_News" time="16.441" classname="com.thomas.domain.testcases.VerifyTopNavlnks"/>
  <testcase name="VerifyTopNavlnks_Placeanad" time="4.84" classname="com.thomas.domain.testcases.VerifyTopNavlnks"/>
  <testcase name="VerifyTopNavlnks_Rent" time="15.172" classname="com.thomas.domain.testcases.VerifyTopNavlnks"/>
  <testcase name="VerifyTopNavlnks_Share" time="4.513" classname="com.thomas.domain.testcases.VerifyTopNavlnks"/>
  <testcase name="VerifyTopNavlnks_Sold" time="13.314" classname="com.thomas.domain.testcases.VerifyTopNavlnks"/>
  <testcase name="VerifyTopNavlnks_Suburbprofiles" time="5.254" classname="com.thomas.domain.testcases.VerifyTopNavlnks"/>
</testsuite> <!-- Default test -->
