<?xml version="1.0" encoding="UTF-8"?>
<testng-results skipped="0" failed="0" total="13" passed="13">
  <reporter-output>
  </reporter-output>
  <suite name="Default suite" duration-ms="231863" started-at="2016-01-24T21:09:25Z" finished-at="2016-01-24T21:13:17Z">
    <groups>
    </groups>
    <test name="Default test" duration-ms="231863" started-at="2016-01-24T21:09:25Z" finished-at="2016-01-24T21:13:17Z">
      <class name="com.thomas.domain.testcases.VerifyTopNavlnks">
        <test-method status="PASS" signature="setup()[pri:0, instance:com.thomas.domain.testcases.VerifyTopNavlnks@3f0ee7cb]" name="setup" is-config="true" duration-ms="6263" started-at="2016-01-25T08:09:25Z" finished-at="2016-01-25T08:09:31Z">
          <reporter-output>
          </reporter-output>
        </test-method> <!-- setup -->
        <test-method status="PASS" signature="VerifyTopNavlnks_Advice()[pri:0, instance:com.thomas.domain.testcases.VerifyTopNavlnks@3f0ee7cb]" name="VerifyTopNavlnks_Advice" duration-ms="16894" started-at="2016-01-25T08:09:31Z" finished-at="2016-01-25T08:09:48Z">
          <reporter-output>
          </reporter-output>
        </test-method> <!-- VerifyTopNavlnks_Advice -->
        <test-method status="PASS" signature="teardown()[pri:0, instance:com.thomas.domain.testcases.VerifyTopNavlnks@3f0ee7cb]" name="teardown" is-config="true" duration-ms="885" started-at="2016-01-25T08:09:48Z" finished-at="2016-01-25T08:09:49Z">
          <reporter-output>
          </reporter-output>
        </test-method> <!-- teardown -->
        <test-method status="PASS" signature="setup()[pri:0, instance:com.thomas.domain.testcases.VerifyTopNavlnks@3f0ee7cb]" name="setup" is-config="true" duration-ms="5294" started-at="2016-01-25T08:09:49Z" finished-at="2016-01-25T08:09:55Z">
          <reporter-output>
          </reporter-output>
        </test-method> <!-- setup -->
        <test-method status="PASS" signature="VerifyTopNavlnks_Agents()[pri:0, instance:com.thomas.domain.testcases.VerifyTopNavlnks@3f0ee7cb]" name="VerifyTopNavlnks_Agents" duration-ms="19576" started-at="2016-01-25T08:09:55Z" finished-at="2016-01-25T08:10:14Z">
          <reporter-output>
          </reporter-output>
        </test-method> <!-- VerifyTopNavlnks_Agents -->
        <test-method status="PASS" signature="teardown()[pri:0, instance:com.thomas.domain.testcases.VerifyTopNavlnks@3f0ee7cb]" name="teardown" is-config="true" duration-ms="815" started-at="2016-01-25T08:10:14Z" finished-at="2016-01-25T08:10:15Z">
          <reporter-output>
          </reporter-output>
        </test-method> <!-- teardown -->
        <test-method status="PASS" signature="setup()[pri:0, instance:com.thomas.domain.testcases.VerifyTopNavlnks@3f0ee7cb]" name="setup" is-config="true" duration-ms="5181" started-at="2016-01-25T08:10:15Z" finished-at="2016-01-25T08:10:20Z">
          <reporter-output>
          </reporter-output>
        </test-method> <!-- setup -->
        <test-method status="PASS" signature="VerifyTopNavlnks_Buy()[pri:0, instance:com.thomas.domain.testcases.VerifyTopNavlnks@3f0ee7cb]" name="VerifyTopNavlnks_Buy" duration-ms="18432" started-at="2016-01-25T08:10:20Z" finished-at="2016-01-25T08:10:39Z">
          <reporter-output>
          </reporter-output>
        </test-method> <!-- VerifyTopNavlnks_Buy -->
        <test-method status="PASS" signature="teardown()[pri:0, instance:com.thomas.domain.testcases.VerifyTopNavlnks@3f0ee7cb]" name="teardown" is-config="true" duration-ms="697" started-at="2016-01-25T08:10:39Z" finished-at="2016-01-25T08:10:39Z">
          <reporter-output>
          </reporter-output>
        </test-method> <!-- teardown -->
        <test-method status="PASS" signature="setup()[pri:0, instance:com.thomas.domain.testcases.VerifyTopNavlnks@3f0ee7cb]" name="setup" is-config="true" duration-ms="4921" started-at="2016-01-25T08:10:39Z" finished-at="2016-01-25T08:10:44Z">
          <reporter-output>
          </reporter-output>
        </test-method> <!-- setup -->
        <test-method status="PASS" signature="VerifyTopNavlnks_Commercial()[pri:0, instance:com.thomas.domain.testcases.VerifyTopNavlnks@3f0ee7cb]" name="VerifyTopNavlnks_Commercial" duration-ms="17410" started-at="2016-01-25T08:10:44Z" finished-at="2016-01-25T08:11:02Z">
          <reporter-output>
          </reporter-output>
        </test-method> <!-- VerifyTopNavlnks_Commercial -->
        <test-method status="PASS" signature="teardown()[pri:0, instance:com.thomas.domain.testcases.VerifyTopNavlnks@3f0ee7cb]" name="teardown" is-config="true" duration-ms="674" started-at="2016-01-25T08:11:02Z" finished-at="2016-01-25T08:11:02Z">
          <reporter-output>
          </reporter-output>
        </test-method> <!-- teardown -->
        <test-method status="PASS" signature="setup()[pri:0, instance:com.thomas.domain.testcases.VerifyTopNavlnks@3f0ee7cb]" name="setup" is-config="true" duration-ms="5599" started-at="2016-01-25T08:11:02Z" finished-at="2016-01-25T08:11:08Z">
          <reporter-output>
          </reporter-output>
        </test-method> <!-- setup -->
        <test-method status="PASS" signature="VerifyTopNavlnks_HomeLoans()[pri:0, instance:com.thomas.domain.testcases.VerifyTopNavlnks@3f0ee7cb]" name="VerifyTopNavlnks_HomeLoans" duration-ms="4407" started-at="2016-01-25T08:11:08Z" finished-at="2016-01-25T08:11:12Z">
          <reporter-output>
          </reporter-output>
        </test-method> <!-- VerifyTopNavlnks_HomeLoans -->
        <test-method status="PASS" signature="teardown()[pri:0, instance:com.thomas.domain.testcases.VerifyTopNavlnks@3f0ee7cb]" name="teardown" is-config="true" duration-ms="565" started-at="2016-01-25T08:11:12Z" finished-at="2016-01-25T08:11:13Z">
          <reporter-output>
          </reporter-output>
        </test-method> <!-- teardown -->
        <test-method status="PASS" signature="setup()[pri:0, instance:com.thomas.domain.testcases.VerifyTopNavlnks@3f0ee7cb]" name="setup" is-config="true" duration-ms="4670" started-at="2016-01-25T08:11:13Z" finished-at="2016-01-25T08:11:17Z">
          <reporter-output>
          </reporter-output>
        </test-method> <!-- setup -->
        <test-method status="PASS" signature="VerifyTopNavlnks_Homepriceguide()[pri:0, instance:com.thomas.domain.testcases.VerifyTopNavlnks@3f0ee7cb]" name="VerifyTopNavlnks_Homepriceguide" duration-ms="4775" started-at="2016-01-25T08:11:17Z" finished-at="2016-01-25T08:11:22Z">
          <reporter-output>
          </reporter-output>
        </test-method> <!-- VerifyTopNavlnks_Homepriceguide -->
        <test-method status="PASS" signature="teardown()[pri:0, instance:com.thomas.domain.testcases.VerifyTopNavlnks@3f0ee7cb]" name="teardown" is-config="true" duration-ms="676" started-at="2016-01-25T08:11:22Z" finished-at="2016-01-25T08:11:23Z">
          <reporter-output>
          </reporter-output>
        </test-method> <!-- teardown -->
        <test-method status="PASS" signature="setup()[pri:0, instance:com.thomas.domain.testcases.VerifyTopNavlnks@3f0ee7cb]" name="setup" is-config="true" duration-ms="4801" started-at="2016-01-25T08:11:23Z" finished-at="2016-01-25T08:11:28Z">
          <reporter-output>
          </reporter-output>
        </test-method> <!-- setup -->
        <test-method status="PASS" signature="VerifyTopNavlnks_NewHomes()[pri:0, instance:com.thomas.domain.testcases.VerifyTopNavlnks@3f0ee7cb]" name="VerifyTopNavlnks_NewHomes" duration-ms="13694" started-at="2016-01-25T08:11:28Z" finished-at="2016-01-25T08:11:41Z">
          <reporter-output>
          </reporter-output>
        </test-method> <!-- VerifyTopNavlnks_NewHomes -->
        <test-method status="PASS" signature="teardown()[pri:0, instance:com.thomas.domain.testcases.VerifyTopNavlnks@3f0ee7cb]" name="teardown" is-config="true" duration-ms="737" started-at="2016-01-25T08:11:41Z" finished-at="2016-01-25T08:11:42Z">
          <reporter-output>
          </reporter-output>
        </test-method> <!-- teardown -->
        <test-method status="PASS" signature="setup()[pri:0, instance:com.thomas.domain.testcases.VerifyTopNavlnks@3f0ee7cb]" name="setup" is-config="true" duration-ms="5096" started-at="2016-01-25T08:11:42Z" finished-at="2016-01-25T08:11:47Z">
          <reporter-output>
          </reporter-output>
        </test-method> <!-- setup -->
        <test-method status="PASS" signature="VerifyTopNavlnks_News()[pri:0, instance:com.thomas.domain.testcases.VerifyTopNavlnks@3f0ee7cb]" name="VerifyTopNavlnks_News" duration-ms="16441" started-at="2016-01-25T08:11:47Z" finished-at="2016-01-25T08:12:04Z">
          <reporter-output>
          </reporter-output>
        </test-method> <!-- VerifyTopNavlnks_News -->
        <test-method status="PASS" signature="teardown()[pri:0, instance:com.thomas.domain.testcases.VerifyTopNavlnks@3f0ee7cb]" name="teardown" is-config="true" duration-ms="933" started-at="2016-01-25T08:12:04Z" finished-at="2016-01-25T08:12:05Z">
          <reporter-output>
          </reporter-output>
        </test-method> <!-- teardown -->
        <test-method status="PASS" signature="setup()[pri:0, instance:com.thomas.domain.testcases.VerifyTopNavlnks@3f0ee7cb]" name="setup" is-config="true" duration-ms="4876" started-at="2016-01-25T08:12:05Z" finished-at="2016-01-25T08:12:10Z">
          <reporter-output>
          </reporter-output>
        </test-method> <!-- setup -->
        <test-method status="PASS" signature="VerifyTopNavlnks_Placeanad()[pri:0, instance:com.thomas.domain.testcases.VerifyTopNavlnks@3f0ee7cb]" name="VerifyTopNavlnks_Placeanad" duration-ms="4840" started-at="2016-01-25T08:12:10Z" finished-at="2016-01-25T08:12:14Z">
          <reporter-output>
          </reporter-output>
        </test-method> <!-- VerifyTopNavlnks_Placeanad -->
        <test-method status="PASS" signature="teardown()[pri:0, instance:com.thomas.domain.testcases.VerifyTopNavlnks@3f0ee7cb]" name="teardown" is-config="true" duration-ms="709" started-at="2016-01-25T08:12:14Z" finished-at="2016-01-25T08:12:15Z">
          <reporter-output>
          </reporter-output>
        </test-method> <!-- teardown -->
        <test-method status="PASS" signature="setup()[pri:0, instance:com.thomas.domain.testcases.VerifyTopNavlnks@3f0ee7cb]" name="setup" is-config="true" duration-ms="4836" started-at="2016-01-25T08:12:15Z" finished-at="2016-01-25T08:12:20Z">
          <reporter-output>
          </reporter-output>
        </test-method> <!-- setup -->
        <test-method status="PASS" signature="VerifyTopNavlnks_Rent()[pri:0, instance:com.thomas.domain.testcases.VerifyTopNavlnks@3f0ee7cb]" name="VerifyTopNavlnks_Rent" duration-ms="15172" started-at="2016-01-25T08:12:20Z" finished-at="2016-01-25T08:12:35Z">
          <reporter-output>
          </reporter-output>
        </test-method> <!-- VerifyTopNavlnks_Rent -->
        <test-method status="PASS" signature="teardown()[pri:0, instance:com.thomas.domain.testcases.VerifyTopNavlnks@3f0ee7cb]" name="teardown" is-config="true" duration-ms="1011" started-at="2016-01-25T08:12:35Z" finished-at="2016-01-25T08:12:36Z">
          <reporter-output>
          </reporter-output>
        </test-method> <!-- teardown -->
        <test-method status="PASS" signature="setup()[pri:0, instance:com.thomas.domain.testcases.VerifyTopNavlnks@3f0ee7cb]" name="setup" is-config="true" duration-ms="5355" started-at="2016-01-25T08:12:36Z" finished-at="2016-01-25T08:12:41Z">
          <reporter-output>
          </reporter-output>
        </test-method> <!-- setup -->
        <test-method status="PASS" signature="VerifyTopNavlnks_Share()[pri:0, instance:com.thomas.domain.testcases.VerifyTopNavlnks@3f0ee7cb]" name="VerifyTopNavlnks_Share" duration-ms="4513" started-at="2016-01-25T08:12:41Z" finished-at="2016-01-25T08:12:46Z">
          <reporter-output>
          </reporter-output>
        </test-method> <!-- VerifyTopNavlnks_Share -->
        <test-method status="PASS" signature="teardown()[pri:0, instance:com.thomas.domain.testcases.VerifyTopNavlnks@3f0ee7cb]" name="teardown" is-config="true" duration-ms="612" started-at="2016-01-25T08:12:46Z" finished-at="2016-01-25T08:12:47Z">
          <reporter-output>
          </reporter-output>
        </test-method> <!-- teardown -->
        <test-method status="PASS" signature="setup()[pri:0, instance:com.thomas.domain.testcases.VerifyTopNavlnks@3f0ee7cb]" name="setup" is-config="true" duration-ms="5131" started-at="2016-01-25T08:12:47Z" finished-at="2016-01-25T08:12:52Z">
          <reporter-output>
          </reporter-output>
        </test-method> <!-- setup -->
        <test-method status="PASS" signature="VerifyTopNavlnks_Sold()[pri:0, instance:com.thomas.domain.testcases.VerifyTopNavlnks@3f0ee7cb]" name="VerifyTopNavlnks_Sold" duration-ms="13314" started-at="2016-01-25T08:12:52Z" finished-at="2016-01-25T08:13:05Z">
          <reporter-output>
          </reporter-output>
        </test-method> <!-- VerifyTopNavlnks_Sold -->
        <test-method status="PASS" signature="teardown()[pri:0, instance:com.thomas.domain.testcases.VerifyTopNavlnks@3f0ee7cb]" name="teardown" is-config="true" duration-ms="1080" started-at="2016-01-25T08:13:05Z" finished-at="2016-01-25T08:13:06Z">
          <reporter-output>
          </reporter-output>
        </test-method> <!-- teardown -->
        <test-method status="PASS" signature="setup()[pri:0, instance:com.thomas.domain.testcases.VerifyTopNavlnks@3f0ee7cb]" name="setup" is-config="true" duration-ms="5098" started-at="2016-01-25T08:13:06Z" finished-at="2016-01-25T08:13:11Z">
          <reporter-output>
          </reporter-output>
        </test-method> <!-- setup -->
        <test-method status="PASS" signature="VerifyTopNavlnks_Suburbprofiles()[pri:0, instance:com.thomas.domain.testcases.VerifyTopNavlnks@3f0ee7cb]" name="VerifyTopNavlnks_Suburbprofiles" duration-ms="5254" started-at="2016-01-25T08:13:11Z" finished-at="2016-01-25T08:13:16Z">
          <reporter-output>
          </reporter-output>
        </test-method> <!-- VerifyTopNavlnks_Suburbprofiles -->
        <test-method status="PASS" signature="teardown()[pri:0, instance:com.thomas.domain.testcases.VerifyTopNavlnks@3f0ee7cb]" name="teardown" is-config="true" duration-ms="593" started-at="2016-01-25T08:13:16Z" finished-at="2016-01-25T08:13:17Z">
          <reporter-output>
          </reporter-output>
        </test-method> <!-- teardown -->
      </class> <!-- com.thomas.domain.testcases.VerifyTopNavlnks -->
    </test> <!-- Default test -->
  </suite> <!-- Default suite -->
</testng-results>
