<?xml version="1.0" encoding="UTF-8"?>
<testng-results skipped="0" failed="0" total="1" passed="1">
  <reporter-output>
  </reporter-output>
  <suite name="Sample Test Suite" duration-ms="104133" started-at="2016-01-26T01:18:54Z" finished-at="2016-01-26T01:20:38Z">
    <groups>
    </groups>
    <test name="Method Test Cases" duration-ms="104133" started-at="2016-01-26T01:18:54Z" finished-at="2016-01-26T01:20:38Z">
      <class name="com.thomas.domain.testcases.VerifyTopNavlnks">
        <test-method status="PASS" signature="setup()[pri:0, instance:com.thomas.domain.testcases.VerifyTopNavlnks@35bbe5e8]" name="setup" is-config="true" duration-ms="6187" started-at="2016-01-26T12:18:54Z" finished-at="2016-01-26T12:19:01Z">
          <reporter-output>
          </reporter-output>
        </test-method> <!-- setup -->
        <test-method status="PASS" signature="VerifyTopNavlnks_Advice()[pri:0, instance:com.thomas.domain.testcases.VerifyTopNavlnks@35bbe5e8]" name="VerifyTopNavlnks_Advice" duration-ms="96624" started-at="2016-01-26T12:19:01Z" finished-at="2016-01-26T12:20:37Z">
          <reporter-output>
          </reporter-output>
        </test-method> <!-- VerifyTopNavlnks_Advice -->
        <test-method status="PASS" signature="teardown()[pri:0, instance:com.thomas.domain.testcases.VerifyTopNavlnks@35bbe5e8]" name="teardown" is-config="true" duration-ms="1303" started-at="2016-01-26T12:20:37Z" finished-at="2016-01-26T12:20:38Z">
          <reporter-output>
          </reporter-output>
        </test-method> <!-- teardown -->
      </class> <!-- com.thomas.domain.testcases.VerifyTopNavlnks -->
    </test> <!-- Method Test Cases -->
  </suite> <!-- Sample Test Suite -->
</testng-results>
